This is pdfeTeX, Version 3.141592-1.21a-2.2 (Web2C 7.5.4) (format=latex 2006.11.28)  5 JAN 2007 22:39
entering extended mode
**sbsat_getting
(./sbsat_getting.tex
LaTeX2e <2003/12/01>
Babel <v3.8d> and hyphenation patterns for american, french, german, ngerman, b
ahasa, basque, bulgarian, catalan, croatian, czech, danish, dutch, esperanto, e
stonian, finnish, greek, icelandic, irish, italian, latin, magyar, norsk, polis
h, portuges, romanian, russian, serbian, slovak, slovene, spanish, swedish, tur
kish, ukrainian, nohyphenation, loaded.
(/sw/share/texmf-dist/tex/latex/base/article.cls
Document Class: article 2004/02/16 v1.4f Standard LaTeX document class
(/sw/share/texmf-dist/tex/latex/base/size10.clo
File: size10.clo 2004/02/16 v1.4f Standard LaTeX file (size option)
)
\c@part=\count79
\c@section=\count80
\c@subsection=\count81
\c@subsubsection=\count82
\c@paragraph=\count83
\c@subparagraph=\count84
\c@figure=\count85
\c@table=\count86
\abovecaptionskip=\skip41
\belowcaptionskip=\skip42
\bibindent=\dimen102
)
(/sw/share/texmf-dist/tex/latex/graphics/epsfig.sty
Package: epsfig 1999/02/16 v1.7a (e)psfig emulation (SPQR)

(/sw/share/texmf-dist/tex/latex/graphics/graphicx.sty
Package: graphicx 1999/02/16 v1.0f Enhanced LaTeX Graphics (DPC,SPQR)

(/sw/share/texmf-dist/tex/latex/graphics/keyval.sty
Package: keyval 1999/03/16 v1.13 key=value parser (DPC)
\KV@toks@=\toks14
)
(/sw/share/texmf-dist/tex/latex/graphics/graphics.sty
Package: graphics 2001/07/07 v1.0n Standard LaTeX Graphics (DPC,SPQR)

(/sw/share/texmf-dist/tex/latex/graphics/trig.sty
Package: trig 1999/03/16 v1.09 sin cos tan (DPC)
)
(/sw/share/texmf-dist/tex/latex/graphics/graphics.cfg
File: graphics.cfg 2005/02/03 v1.3 graphics configuration of teTeX/TeXLive
)
Package graphics Info: Driver file: dvips.def on input line 80.

(/sw/share/texmf-dist/tex/latex/graphics/dvips.def
File: dvips.def 1999/02/16 v3.0i Driver-dependant file (DPC,SPQR)
))
\Gin@req@height=\dimen103
\Gin@req@width=\dimen104
)
\epsfxsize=\dimen105
\epsfysize=\dimen106
)
(/sw/share/texmf-dist/tex/latex/ae/ae.sty
Package: ae 2001/02/12 1.3 Almost European Computer Modern

(/sw/share/texmf-dist/tex/latex/base/fontenc.sty
Package: fontenc 2004/02/22 v1.99f Standard LaTeX package

(/sw/share/texmf-dist/tex/latex/base/t1enc.def
File: t1enc.def 2004/02/22 v1.99f Standard LaTeX file
LaTeX Font Info:    Redeclaring font encoding T1 on input line 43.
)
LaTeX Font Info:    Try loading font information for T1+aer on input line 100.

(/sw/share/texmf-dist/tex/latex/ae/t1aer.fd
File: t1aer.fd 1997/11/16 Font definitions for T1/aer.
)))
(/sw/share/texmf-dist/tex/latex/ae/aecompl.sty
Package: aecompl 1998/07/23 0.9 T1 Complements for AE fonts (D. Roegel)
)
(/sw/share/texmf-dist/tex/latex/base/fontenc.sty
Package: fontenc 2004/02/22 v1.99f Standard LaTeX package

(/sw/share/texmf-dist/tex/latex/base/t1enc.def
File: t1enc.def 2004/02/22 v1.99f Standard LaTeX file
LaTeX Font Info:    Redeclaring font encoding T1 on input line 43.
))
(/sw/share/texmf-dist/tex/latex/base/inputenc.sty
Package: inputenc 2004/02/05 v1.0d Input encoding file

(/sw/share/texmf-dist/tex/latex/base/latin1.def
File: latin1.def 2004/02/05 v1.0d Input encoding file
))
(/sw/share/texmf-dist/tex/latex/graphics/color.sty
Package: color 1999/02/16 v1.0i Standard LaTeX Color (DPC)

(/sw/share/texmf-dist/tex/latex/graphics/color.cfg
File: color.cfg 2005/02/03 v1.3 color configuration of teTeX/TeXLive
)
Package color Info: Driver file: dvips.def on input line 125.

(/sw/share/texmf-dist/tex/latex/graphics/dvipsnam.def
File: dvipsnam.def 1999/02/16 v3.0i Driver-dependant file (DPC,SPQR)
))
(/sw/share/texmf-dist/tex/latex/setspace/setspace.sty
Package: setspace 2000/12/01 6.7 Contributed and Supported LaTeX2e package

Package: `setspace' 6.7 <2000/12/01>
) (/sw/share/texmf-dist/tex/generic/babel/babel.sty
Package: babel 2004/11/20 v3.8d The Babel package

(/sw/share/texmf-dist/tex/generic/babel/english.ldf
Language: english 2004/06/14 v3.3o English support from the babel system

(/sw/share/texmf-dist/tex/generic/babel/babel.def
File: babel.def 2004/11/20 v3.8d Babel common definitions
\babel@savecnt=\count87
\U@D=\dimen107
)
\l@british = a dialect from \language\l@english 
\l@UKenglish = a dialect from \language\l@english 
\l@canadian = a dialect from \language\l@american 
\l@australian = a dialect from \language\l@british 
\l@newzealand = a dialect from \language\l@british 
)) (./sbsat_getting.aux)
\openout1 = `sbsat_getting.aux'.

LaTeX Font Info:    Checking defaults for OML/cmm/m/it on input line 37.
LaTeX Font Info:    ... okay on input line 37.
LaTeX Font Info:    Checking defaults for T1/cmr/m/n on input line 37.
LaTeX Font Info:    ... okay on input line 37.
LaTeX Font Info:    Checking defaults for OT1/cmr/m/n on input line 37.
LaTeX Font Info:    ... okay on input line 37.
LaTeX Font Info:    Checking defaults for OMS/cmsy/m/n on input line 37.
LaTeX Font Info:    ... okay on input line 37.
LaTeX Font Info:    Checking defaults for OMX/cmex/m/n on input line 37.
LaTeX Font Info:    ... okay on input line 37.
LaTeX Font Info:    Checking defaults for U/cmr/m/n on input line 37.
LaTeX Font Info:    ... okay on input line 37.
LaTeX Font Info:    External font `cmex10' loaded for size
(Font)              <12> on input line 43.
LaTeX Font Info:    External font `cmex10' loaded for size
(Font)              <8> on input line 43.
LaTeX Font Info:    External font `cmex10' loaded for size
(Font)              <6> on input line 43.

[1

]
Underfull \hbox (badness 10000) in paragraph at lines 57--60

 []

LaTeX Font Info:    External font `cmex10' loaded for size
(Font)              <7> on input line 61.
LaTeX Font Info:    External font `cmex10' loaded for size
(Font)              <5> on input line 61.

LaTeX Warning: Reference `ref-prover-section' on page i undefined on input line
 101.

[1]

LaTeX Warning: Reference `simple-section' on page ii undefined on input line 14
2.


LaTeX Warning: Reference `simple-section' on page ii undefined on input line 14
6.


LaTeX Warning: Reference `ws-adaptive-section' on page ii undefined on input li
ne 164.


LaTeX Warning: Reference `ws-novelty-section' on page ii undefined on input lin
e 165.

[2]

LaTeX Warning: Reference `ws-random-section' on page iii undefined on input lin
e 166.

File: Fig/layout.eps Graphic file (type eps)
<Fig/layout.eps> [3] (./sbsat_getting.toc
LaTeX Font Info:    Try loading font information for T1+aett on input line 6.

(/sw/share/texmf-dist/tex/latex/ae/t1aett.fd
File: t1aett.fd 1997/11/16 Font definitions for T1/aett.
) [4] [5] [6])
\tf@toc=\write3
\openout3 = `sbsat_getting.toc'.

 [7] [1] [2]
LaTeX Font Info:    Try loading font information for OMS+aer on input line 312.


(/sw/share/texmf-dist/tex/latex/ae/omsaer.fd
File: omsaer.fd 1999/12/27
)
LaTeX Font Info:    Font shape `OMS/aer/m/n' in size <10> not available
(Font)              Font shape `OMS/cmsy/m/n' tried instead on input line 312.
 [3] [4] [5] [6]
Overfull \hbox (7.63094pt too wide) in paragraph at lines 494--515
\T1/aer/m/n/10 comes in two forms: a sin-gle CDROM and a tar-ball named \T1/aet
t/m/n/10 sbsat-latest.tar.gz\T1/aer/m/n/10 .
 []

[7] [8]
Overfull \hbox (34.40909pt too wide) in paragraph at lines 586--622
\T1/aer/m/n/10 This com-mand places \T1/aett/m/n/10 sb-sat \T1/aer/m/n/10 in \T
1/aett/m/n/10 /usr/local/bin\T1/aer/m/n/10 . To do this by hand, if \T1/aett/m/
n/10 /usr/local/bin
 []

[9]
Overfull \hbox (31.09302pt too wide) in paragraph at lines 646--665
\T1/aer/m/n/10 this di-rec-tory check that the fol-low-ing files are there: \T1
/aett/m/n/10 cnf_tests.sh\T1/aer/m/n/10 , \T1/aett/m/n/10 longer_tests.sh\T1/ae
r/m/n/10 ,
 []

[10] [11] [12]
Overfull \hbox (6.07935pt too wide) in paragraph at lines 755--755
[]   \T1/aett/m/n/10 c This is a demonstration of the CNF format for the SBSAT 
solver[] 
 []

[13] [14]
Overfull \hbox (7.57649pt too wide) in paragraph at lines 871--871
[]                          \T1/aett/m/n/8 Show result (n=no result, r=raw, f=f
ancy) [default=``n''][] 
 []

[15]
Overfull \hbox (9.0231pt too wide) in paragraph at lines 908--911
$[]$\T1/aer/m/n/10 :  Since no ex-ten-sion of a bi-nary func-tion can take 1 ar
-gu-ment, \T1/aett/m/n/10 xor1(-x1)
 []


Underfull \hbox (badness 10000) in paragraph at lines 912--924

 []


Underfull \hbox (badness 10000) in paragraph at lines 932--932

 []


Overfull \hbox (31.34999pt too wide) in paragraph at lines 925--933
[]$[]$ 
 []


Underfull \hbox (badness 10000) in paragraph at lines 941--946

 []

[16]
Underfull \hbox (badness 10000) in paragraph at lines 955--955

 []


Overfull \hbox (31.34999pt too wide) in paragraph at lines 947--956
[]$[]$ 
 []

[17]
Overfull \hbox (68.95923pt too wide) in paragraph at lines 1099--1099
[]  \T1/aett/m/n/10 ; b is ignored here because it appeares in an Initial_Branc
h statement above.[] 
 []


Overfull \hbox (27.0393pt too wide) in paragraph at lines 1099--1099
[]                \T1/aett/m/n/10 ; The two preceeding lines created identical 
functions.[] 
 []


Overfull \hbox (0.83936pt too wide) in paragraph at lines 1099--1099
[]                \T1/aett/m/n/10 ; T is built in for True, F is built in for F
alse.[] 
 []


Overfull \hbox (42.75928pt too wide) in paragraph at lines 1099--1099
[]                         \T1/aett/m/n/10 ; Notice parathensis and commas are 
not required.[] 
 []


Overfull \hbox (42.75928pt too wide) in paragraph at lines 1099--1099
[]    \T1/aett/m/n/10 ite 3 4 5    ; Comments are ignored, even in the middle o
f a function.[] 
 []


Overfull \hbox (53.23926pt too wide) in paragraph at lines 1099--1099
[]    \T1/aett/m/n/10 and or 6 7 8 ; Lines can be hard to read without parathen
sis and commas.[] 
 []


Overfull \hbox (63.71924pt too wide) in paragraph at lines 1099--1099
[]  \T1/aett/m/n/10 ; Previously defined functions can be used to define more c
omplex functions.[] 
 []


Overfull \hbox (74.19922pt too wide) in paragraph at lines 1099--1099
[]\T1/aett/m/n/10 # AndOr4(majv(v1, v2, v3), majv(v1, v3, v4), majv(v1, v2, v4)
, majv(v2, v3, v4))[] 
 []


Overfull \hbox (32.2793pt too wide) in paragraph at lines 1099--1099
[]                                         \T1/aett/m/n/10 ; There is no case s
ensitivity.[] 
 []


Overfull \hbox (11.31934pt too wide) in paragraph at lines 1099--1099
[]\T1/aett/m/n/10 pprint_tree $7 ; pretty print - No function created, no BDD c
reated.[] 
 []


Overfull \hbox (84.6792pt too wide) in paragraph at lines 1099--1099
[]\T1/aett/m/n/10 print_tree minmax(4, 0, 1, x10, x9, x8, x7) ; No function cre
ated, no BDD created.[] 
 []


Overfull \hbox (58.47925pt too wide) in paragraph at lines 1099--1099
[]  \T1/aett/m/n/10 ; This function is identical to the function created by `*o
r(and(2, 3), 4)'[] 
 []


Overfull \hbox (21.79932pt too wide) in paragraph at lines 1099--1099
[]  \T1/aett/m/n/10 ; The difference is that function $11 also prints `and(2, 3
)' in two[] 
 []

[18] [19] [20]
File: Fig/reconfig_board.eps Graphic file (type eps)
 <Fig/reconfig_board.eps>
File: Fig/PIN.eps Graphic file (type eps)
 <Fig/PIN.eps>
File: Fig/Network.eps Graphic file (type eps)
 <Fig/Network.eps>
[21] [22]
Overfull \hbox (1.1787pt too wide) in paragraph at lines 1220--1230
[]\T1/aer/m/n/10 Given an $\OML/cmm/m/it/10 n$ \T1/aer/m/n/10 di-men-sional Boo
lean vec-tor $\OML/cmm/m/it/10 V \OT1/cmr/m/n/10 = \OMS/cmsy/m/n/10 f\OML/cmm/m
/it/10 x[]; x[]; [] x[]\OMS/cmsy/m/n/10 g$\T1/aer/m/n/10 , de-fine \T1/aer/m/it
/10 impulse\T1/aer/m/n/10 ($\OML/cmm/m/it/10 i$\T1/aer/m/n/10 )
 []

[23]

LaTeX Warning: Float too large for page by 6.04993pt on input line 1333.

[24] [25]
File: Fig/state.eps Graphic file (type eps)
 <Fig/state.eps> [26] [27]
Overfull \hbox (21.40643pt too wide) in paragraph at lines 1458--1467
\T1/aer/m/n/10 This as-sign-ment can be found by run-ning \T1/aett/m/n/10 sbsat
 \T1/aer/m/n/10 on the ex-am-ple file \T1/aett/m/n/10 bmc_example.ite
 []

[28]
Underfull \hbox (badness 10000) in paragraph at lines 1553--1558

 []


Underfull \hbox (badness 10000) in paragraph at lines 1559--1579

 []

[29] [30]
Underfull \hbox (badness 10000) in paragraph at lines 1615--1619

 []


LaTeX Warning: Reference `existential-safe-section' on page 31 undefined on inp
ut line 1637.


Overfull \hbox (6.39972pt too wide) in paragraph at lines 1620--1646
[]| [] 
 []


Underfull \hbox (badness 10000) in paragraph at lines 1620--1646

 []

[31] [32]
Underfull \hbox (badness 10000) in paragraph at lines 1715--1747

 []

[33]
Underfull \hbox (badness 10000) in paragraph at lines 1788--1790

 []


Underfull \hbox (badness 10000) in paragraph at lines 1809--1821

 []

[34] [35] [36] [37] [38] [39]
Overfull \hbox (48.15575pt too wide) in paragraph at lines 2054--2085
[] 
 []

[40]
Overfull \hbox (42.11609pt too wide) in paragraph at lines 2088--2096
[] 
 []


Overfull \hbox (61.04517pt too wide) in paragraph at lines 2099--2115
[] 
 []

[41]
Overfull \hbox (54.51588pt too wide) in paragraph at lines 2118--2137
[] 
 []


Overfull \hbox (118.52464pt too wide) in paragraph at lines 2140--2178
[] 
 []

[42]
Overfull \vbox (10.77776pt too high) has occurred while \output is active []


[43]
Overfull \hbox (105.6453pt too wide) in paragraph at lines 2180--2192
[] 
 []


Overfull \hbox (43.96587pt too wide) in paragraph at lines 2195--2238
[] 
 []

[44] [45]
Overfull \hbox (27.0393pt too wide) in paragraph at lines 2292--2292
[]  \T1/aett/m/n/10 preset-variables="-1 -2 +3 -4 +5 -6 -7 -8 +9 -10 -11 +12 -1
3 +14 -15"[] 
 []

[46] [47] [48] [49]
Underfull \hbox (badness 10000) in paragraph at lines 2431--2441

 []

[50] [51] [52]
Underfull \hbox (badness 10000) in paragraph at lines 2587--2592

 []


Underfull \hbox (badness 10000) in paragraph at lines 2593--2598

 []


Underfull \hbox (badness 10000) in paragraph at lines 2599--2606

 []


Underfull \hbox (badness 10000) in paragraph at lines 2607--2614

 []


Underfull \hbox (badness 10000) in paragraph at lines 2617--2632

 []

[53]
Underfull \hbox (badness 10000) in paragraph at lines 2633--2647

 []


Underfull \hbox (badness 10000) in paragraph at lines 2648--2664

 []


Underfull \hbox (badness 10000) in paragraph at lines 2665--2682

 []

[54]
Underfull \hbox (badness 10000) in paragraph at lines 2683--2699

 []


Overfull \hbox (24.8794pt too wide) in paragraph at lines 2718--2747
[][][]\T1/aett/m/n/10 minmax (<#args>, <min_#>, <max_#>, <comma_separated_var_l
ist>) 
 []

[55]
Underfull \hbox (badness 10000) in paragraph at lines 2760--2788

 []

[56]
Underfull \hbox (badness 10000) in paragraph at lines 2789--2792

 []


Underfull \hbox (badness 10000) in paragraph at lines 2841--2841

 []


Underfull \hbox (badness 10000) in paragraph at lines 2793--2842

 []

[57]
Underfull \hbox (badness 10000) in paragraph at lines 2843--2868

 []


Underfull \hbox (badness 10000) in paragraph at lines 2869--2924

 []

[58] [59] [60] [61]
Underfull \hbox (badness 10000) in paragraph at lines 3054--3077

 []

[62] [63] [64] [65] [66] [67] [68]
Overfull \hbox (2.14514pt too wide) in paragraph at lines 3354--3356
[]\T1/aer/m/n/10 Otherwise, if \T1/aer/m/it/10 v \T1/aer/m/n/10 is la-beled \T1
/aer/m/it/10 x\T1/aer/m/n/10 , then $\OML/cmm/m/it/10 f\OT1/cmr/m/n/10 (\OML/cm
m/m/it/10 v\OT1/cmr/m/n/10 ) = (\OML/cmm/m/it/10 x \OMS/cmsy/m/n/10 ^ \OML/cmm/
m/it/10 f\OT1/cmr/m/n/10 (\OML/cmm/m/it/10 true\OT1/cmr/m/n/10 (\OML/cmm/m/it/1
0 v\OT1/cmr/m/n/10 ))) \OMS/cmsy/m/n/10 _ \OT1/cmr/m/n/10 (\OMS/cmsy/m/n/10 :\O
ML/cmm/m/it/10 x \OMS/cmsy/m/n/10 ^ \OML/cmm/m/it/10 f\OT1/cmr/m/n/10 (\OML/cmm
/m/it/10 false\OT1/cmr/m/n/10 (\OML/cmm/m/it/10 v\OT1/cmr/m/n/10 )))$\T1/aer/m/
n/10 . 
 []

File: Fig/bdd.eps Graphic file (type eps)
<Fig/bdd.eps> [69] [70]
File: Fig/exquant_bdd.eps Graphic file (type eps)
 <Fig/exquant_bdd.eps> [71] [72]
File: Fig/exquantex.eps Graphic file (type eps)
 <Fig/exquantex.eps>
File: Fig/exquantex1.eps Graphic file (type eps)

<Fig/exquantex1.eps> [73] [74]
Overfull \hbox (3.26793pt too wide) in paragraph at lines 3551--3581
[][]\T1/aett/m/n/8 if (Reduce$[]$($\OML/cmm/m/it/8 x[]$\T1/aett/m/n/8 , c) == \
T1/aett/m/it/8 F\T1/aett/m/n/8 ) return Restrict(Reduce$[]$($\OML/cmm/m/it/8 x[
]$\T1/aett/m/n/8 , \T1/aett/m/it/8 f\T1/aett/m/n/8 ), Reduce$[]$($\OML/cmm/m/it
/8 x[]$\T1/aett/m/n/8 , \T1/aett/m/it/8 c\T1/aett/m/n/8 )); 
 []


Overfull \hbox (3.53114pt too wide) in paragraph at lines 3551--3581
[][]\T1/aett/m/n/8 if (Reduce$[]$($\OML/cmm/m/it/8 x[]$\T1/aett/m/n/8 , c) == \
T1/aett/m/it/8 F\T1/aett/m/n/8 ) return Restrict(Reduce$[]$($\OML/cmm/m/it/8 x[
]$\T1/aett/m/n/8 , \T1/aett/m/it/8 f\T1/aett/m/n/8 ), Reduce$[]$($\OML/cmm/m/it
/8 x[]$\T1/aett/m/n/8 , \T1/aett/m/it/8 c\T1/aett/m/n/8 )); 
 []

File: Fig/branch_prune_bdd.eps Graphic file (type eps)
<Fig/branch_prune_bdd.eps>
File: Fig/branch_prune_example_1.eps Graphic file (type eps)
 <Fig/branch_prune_example_1.eps>
File: Fig/branch_prune_example_2.eps Graphic file (type eps)

<Fig/branch_prune_example_2.eps> [75] [76]
File: Fig/restrict.eps Graphic file (type eps)
 <Fig/restrict.eps>
Underfull \hbox (badness 10000) in paragraph at lines 3642--3658

 []

[77]
File: Fig/strengthening_1.eps Graphic file (type eps)
 <Fig/strengthening_1.eps>
File: Fig/strengthening_2.eps Graphic file (type eps)
 <Fig/strengthening_2.eps> [78]
Underfull \hbox (badness 10000) in paragraph at lines 3694--3702

 []


Underfull \hbox (badness 10000) in paragraph at lines 3703--3710

 []

[79]
Underfull \hbox (badness 10000) in paragraph at lines 3747--3767

 []

File: Fig/cofactoring2a.eps Graphic file (type eps)
<Fig/cofactoring2a.eps>
File: Fig/cofactoring1a.eps Graphic file (type eps)
 <Fig/cofactoring1a.eps>
File: Fig/cofactoring3a.eps Graphic file (type eps)
 <Fig/cofactoring3a.eps>
[80] [81]
File: Fig/gcf2.eps Graphic file (type eps)
 <Fig/gcf2.eps>
File: Fig/gcf1.eps Graphic file (type eps)
 <Fig/gcf1.eps>
File: Fig/gcf3.eps Graphic file (type eps)
 <Fig/gcf3.eps>
Overfull \hbox (1.4123pt too wide) in paragraph at lines 3792--3800
| []
 []


Underfull \hbox (badness 10000) in paragraph at lines 3806--3824

 []

[82] [83] [84] [85]
Overfull \hbox (6.9324pt too wide) in paragraph at lines 3954--3954
[]\T1/aer/bx/n/12 State Ma-chines Used to Rep-re-sent Func-tions (\T1/aer/m/sc/
12 Smurf\T1/aer/bx/n/12 s) 
 []

File: Fig/smurf.eps Graphic file (type eps)
<Fig/smurf.eps>
Underfull \hbox (badness 10000) in paragraph at lines 4002--4002

 []

[86] [87] [88] [89] [90]
Overfull \hbox (42.75928pt too wide) in paragraph at lines 4109--4109
[]\T1/aett/m/n/10 -arg1 -arg2 -arg3 -arg4 x3 x2 x1 1 2 3 -5 -bob 4 -1000 22 300
 -40 -400 -50[] 
 []

[91] [92] [93]
Overfull \hbox (3.21709pt too wide) in paragraph at lines 4155--4164
\T1/aer/m/n/10 Among the ex-per-i-ments we have run, those in-puts re-lat-ing s
pecif-i-cally to bounded
 []

[94] [95] [96]
Underfull \hbox (badness 10000) in paragraph at lines 4257--4265

 []


Underfull \hbox (badness 1308) in paragraph at lines 4279--4279
\T1/aer/m/n/10 func-tions. Choose con-straint func-tions $\OML/cmm/m/it/10 f\OT
1/cmr/m/n/10 (\OML/cmm/m/it/10 x[]; x[]; :::; x[]; x[]\OT1/cmr/m/n/10 )$ \T1/ae
r/m/n/10 and
 []

[97] [98] [99] [100] [101] [102] [103] [104] [105] (./sbsat_getting.aux)

LaTeX Warning: There were undefined references.

 ) 
Here is how much of TeX's memory you used:
 1639 strings out of 94501
 20832 string characters out of 1176136
 116430 words of memory out of 1000000
 4763 multiletter control sequences out of 10000+50000
 38393 words of font info for 56 fonts, out of 500000 for 2000
 580 hyphenation exceptions out of 1000
 32i,13n,21p,1553b,271s stack positions out of 1500i,500n,5000p,200000b,5000s

Output written on sbsat_getting.dvi (113 pages, 340164 bytes).
